{
  "specs": {},
  "functional_spec_count": {},
  "testsuites": [
    {
      "cases": [
        {
          "classname": "testcases.test__login",
          "name": "test_login",
          "developer": "-",
          "test_description": "",
          "status": "Failed",
          "logs": "<ul style='list-style-type: none; padding: 0;'></ul>",
          "details": "Message: selenium.common.exceptions.NoSuchWindowException: Message: no such window: target window already closed\nfrom unknown error: web view not found\n  (Session info: chrome=144.0.7559.59)\nStacktrace:\nSymbols not available. Dumping unresolved backtrace:\n\t0x7ff78de25715\n\t0x7ff78de25770\n\t0x7ff78dbd108d\n\t0x7ff78dba7be2\n\t0x7ff78dc5d386\n\t0x7ff78dc79772\n\t0x7ff78dc1cc28\n\t0x7ff78dc1db33\n\t0x7ff78e10e9f0\n\t0x7ff78e108ded\n\t0x7ff78e12969a\n\t0x7ff78de411e5\n\t0x7ff78de499cc\n\t0x7ff78de2ebf4\n\t0x7ff78de2eda6\n\t0x7ff78de14e87\n\t0x7ff91b557374\n\t0x7ff91c7dcc91\nDetails: self = <testcases.test__login.Test_001_Login object at 0x000001AD6192B890>\nsetup = <selenium.webdriver.chrome.webdriver.WebDriver (session=\"f42a1c9d725b51c4b8d05ecf70822887\")>\n\n    def test_login(self,setup):\n        self.driver = setup\n        self.driver.get(self.baseURL)\n        self.lp=Login(self.driver)\n        self.lp.setUserName(self.username)\n        self.lp.setPassword(self.password)\n>       self.lp.clickLogin()\n\ntestcases\\test__login.py:41: \n_ _ _ _ _ _ _ _ _ _ _ _ _ _ _ _ _ _ _ _ _ _ _ _ _ _ _ _ _ _ _ _ _ _ _ _ _ _ _ _\npageObjects\\LoginPage.py:20: in clickLogin\n    self.driver.find_element(By.XPATH, self.button_login_xpath).click()\n..\\..\\..\\AppData\\Local\\Programs\\Python\\Python313\\Lib\\site-packages\\selenium\\webdriver\\remote\\webelement.py:119: in click\n    self._execute(Command.CLICK_ELEMENT)\n..\\..\\..\\AppData\\Local\\Programs\\Python\\Python313\\Lib\\site-packages\\selenium\\webdriver\\remote\\webelement.py:572: in _execute\n    return self._parent.execute(command, params)\n           ^^^^^^^^^^^^^^^^^^^^^^^^^^^^^^^^^^^^^\n..\\..\\..\\AppData\\Local\\Programs\\Python\\Python313\\Lib\\site-packages\\selenium\\webdriver\\remote\\webdriver.py:448: in execute\n    self.error_handler.check_response(response)\n_ _ _ _ _ _ _ _ _ _ _ _ _ _ _ _ _ _ _ _ _ _ _ _ _ _ _ _ _ _ _ _ _ _ _ _ _ _ _ _\n\nself = <selenium.webdriver.remote.errorhandler.ErrorHandler object at 0x000001AD61986A50>\nresponse = {'status': 404, 'value': '{\"value\":{\"error\":\"no such window\",\"message\":\"no such window: target window already closed\\\\...ff78de499cc\\\\n\\\\t0x7ff78de2ebf4\\\\n\\\\t0x7ff78de2eda6\\\\n\\\\t0x7ff78de14e87\\\\n\\\\t0x7ff91b557374\\\\n\\\\t0x7ff91c7dcc91\\\\n\"}}'}\n\n    def check_response(self, response: Dict[str, Any]) -> None:\n        \"\"\"Checks that a JSON response from the WebDriver does not have an\n        error.\n    \n        :Args:\n         - response - The JSON response from the WebDriver server as a dictionary\n           object.\n    \n        :Raises: If the response contains an error message.\n        \"\"\"\n        status = response.get(\"status\", None)\n        if not status or status == ErrorCode.SUCCESS:\n            return\n        value = None\n        message = response.get(\"message\", \"\")\n        screen: str = response.get(\"screen\", \"\")\n        stacktrace = None\n        if isinstance(status, int):\n            value_json = response.get(\"value\", None)\n            if value_json and isinstance(value_json, str):\n                import json\n    \n                try:\n                    value = json.loads(value_json)\n                    if len(value) == 1:\n                        value = value[\"value\"]\n                    status = value.get(\"error\", None)\n                    if not status:\n                        status = value.get(\"status\", ErrorCode.UNKNOWN_ERROR)\n                        message = value.get(\"value\") or value.get(\"message\")\n                        if not isinstance(message, str):\n                            value = message\n                            message = message.get(\"message\")\n                    else:\n                        message = value.get(\"message\", None)\n                except ValueError:\n                    pass\n    \n        exception_class: Type[WebDriverException]\n        e = ErrorCode()\n        error_codes = [item for item in dir(e) if not item.startswith(\"__\")]\n        for error_code in error_codes:\n            error_info = getattr(ErrorCode, error_code)\n            if isinstance(error_info, list) and status in error_info:\n                exception_class = getattr(ExceptionMapping, error_code, WebDriverException)\n                break\n        else:\n            exception_class = WebDriverException\n    \n        if not value:\n            value = response[\"value\"]\n        if isinstance(value, str):\n            raise exception_class(value)\n        if message == \"\" and \"message\" in value:\n            message = value[\"message\"]\n    \n        screen = None  # type: ignore[assignment]\n        if \"screen\" in value:\n            screen = value[\"screen\"]\n    \n        stacktrace = None\n        st_value = value.get(\"stackTrace\") or value.get(\"stacktrace\")\n        if st_value:\n            if isinstance(st_value, str):\n                stacktrace = st_value.split(\"\\n\")\n            else:\n                stacktrace = []\n                try:\n                    for frame in st_value:\n                        line = frame.get(\"lineNumber\", \"\")\n                        file = frame.get(\"fileName\", \"<anonymous>\")\n                        if line:\n                            file = f\"{file}:{line}\"\n                        meth = frame.get(\"methodName\", \"<anonymous>\")\n                        if \"className\" in frame:\n                            meth = f\"{frame['className']}.{meth}\"\n                        msg = \"    at %s (%s)\"\n                        msg = msg % (meth, file)\n                        stacktrace.append(msg)\n                except TypeError:\n                    pass\n        if exception_class == UnexpectedAlertPresentException:\n            alert_text = None\n            if \"data\" in value:\n                alert_text = value[\"data\"].get(\"text\")\n            elif \"alert\" in value:\n                alert_text = value[\"alert\"].get(\"text\")\n            raise exception_class(message, screen, stacktrace, alert_text)  # type: ignore[call-arg]  # mypy is not smart enough here\n>       raise exception_class(message, screen, stacktrace)\nE       selenium.common.exceptions.NoSuchWindowException: Message: no such window: target window already closed\nE       from unknown error: web view not found\nE         (Session info: chrome=144.0.7559.59)\nE       Stacktrace:\nE       Symbols not available. Dumping unresolved backtrace:\nE       \t0x7ff78de25715\nE       \t0x7ff78de25770\nE       \t0x7ff78dbd108d\nE       \t0x7ff78dba7be2\nE       \t0x7ff78dc5d386\nE       \t0x7ff78dc79772\nE       \t0x7ff78dc1cc28\nE       \t0x7ff78dc1db33\nE       \t0x7ff78e10e9f0\nE       \t0x7ff78e108ded\nE       \t0x7ff78e12969a\nE       \t0x7ff78de411e5\nE       \t0x7ff78de499cc\nE       \t0x7ff78de2ebf4\nE       \t0x7ff78de2eda6\nE       \t0x7ff78de14e87\nE       \t0x7ff91b557374\nE       \t0x7ff91c7dcc91\n\n..\\..\\..\\AppData\\Local\\Programs\\Python\\Python313\\Lib\\site-packages\\selenium\\webdriver\\remote\\errorhandler.py:232: NoSuchWindowException",
          "functional_specifications": [],
          "categories": []
        },
        {
          "classname": "testcases.test__login",
          "name": "test_homePageTitle",
          "developer": "-",
          "test_description": "",
          "status": "Failed",
          "logs": "<ul style='list-style-type: none; padding: 0;'></ul>",
          "details": "Message: selenium.common.exceptions.WebDriverException: Message: unknown error: Call WaitForPendingNavigations only on the parent WebView\n  (Session info: chrome=144.0.7559.59)\nStacktrace:\nSymbols not available. Dumping unresolved backtrace:\n\t0x7ff78de25715\n\t0x7ff78de25770\n\t0x7ff78dbd108d\n\t0x7ff78dbe1750\n\t0x7ff78dc79d0d\n\t0x7ff78dc1cc28\n\t0x7ff78dc1db33\n\t0x7ff78e10e9f0\n\t0x7ff78e108ded\n\t0x7ff78e12969a\n\t0x7ff78de411e5\n\t0x7ff78de499cc\n\t0x7ff78de2ebf4\n\t0x7ff78de2eda6\n\t0x7ff78de14e87\n\t0x7ff91b557374\n\t0x7ff91c7dcc91\nDetails: self = <testcases.test__login.Test_001_Login object at 0x000001936F85B390>\nsetup = <selenium.webdriver.chrome.webdriver.WebDriver (session=\"b3883ca402842cf9d6e997ac74c88c60\")>\n\n    def test_homePageTitle(self,setup):\n        self.logger.info(\"******Test__001__Login**********\")\n        self.logger.info(\"******Verify home page title**********\")\n        self.driver = setup\n        print(\"Base URL from config:\", self.baseURL)\n        self.driver.get(self.baseURL)\n>       act_title = self.driver.title\n                    ^^^^^^^^^^^^^^^^^\n\ntestcases\\test__login.py:25: \n_ _ _ _ _ _ _ _ _ _ _ _ _ _ _ _ _ _ _ _ _ _ _ _ _ _ _ _ _ _ _ _ _ _ _ _ _ _ _ _\n..\\..\\..\\AppData\\Local\\Programs\\Python\\Python313\\Lib\\site-packages\\selenium\\webdriver\\remote\\webdriver.py:484: in title\n    return self.execute(Command.GET_TITLE).get(\"value\", \"\")\n           ^^^^^^^^^^^^^^^^^^^^^^^^^^^^^^^\n..\\..\\..\\AppData\\Local\\Programs\\Python\\Python313\\Lib\\site-packages\\selenium\\webdriver\\remote\\webdriver.py:448: in execute\n    self.error_handler.check_response(response)\n_ _ _ _ _ _ _ _ _ _ _ _ _ _ _ _ _ _ _ _ _ _ _ _ _ _ _ _ _ _ _ _ _ _ _ _ _ _ _ _\n\nself = <selenium.webdriver.remote.errorhandler.ErrorHandler object at 0x000001936F8B6A50>\nresponse = {'status': 500, 'value': '{\"value\":{\"error\":\"unknown error\",\"message\":\"unknown error: Call WaitForPendingNavigations o...ff78de499cc\\\\n\\\\t0x7ff78de2ebf4\\\\n\\\\t0x7ff78de2eda6\\\\n\\\\t0x7ff78de14e87\\\\n\\\\t0x7ff91b557374\\\\n\\\\t0x7ff91c7dcc91\\\\n\"}}'}\n\n    def check_response(self, response: Dict[str, Any]) -> None:\n        \"\"\"Checks that a JSON response from the WebDriver does not have an\n        error.\n    \n        :Args:\n         - response - The JSON response from the WebDriver server as a dictionary\n           object.\n    \n        :Raises: If the response contains an error message.\n        \"\"\"\n        status = response.get(\"status\", None)\n        if not status or status == ErrorCode.SUCCESS:\n            return\n        value = None\n        message = response.get(\"message\", \"\")\n        screen: str = response.get(\"screen\", \"\")\n        stacktrace = None\n        if isinstance(status, int):\n            value_json = response.get(\"value\", None)\n            if value_json and isinstance(value_json, str):\n                import json\n    \n                try:\n                    value = json.loads(value_json)\n                    if len(value) == 1:\n                        value = value[\"value\"]\n                    status = value.get(\"error\", None)\n                    if not status:\n                        status = value.get(\"status\", ErrorCode.UNKNOWN_ERROR)\n                        message = value.get(\"value\") or value.get(\"message\")\n                        if not isinstance(message, str):\n                            value = message\n                            message = message.get(\"message\")\n                    else:\n                        message = value.get(\"message\", None)\n                except ValueError:\n                    pass\n    \n        exception_class: Type[WebDriverException]\n        e = ErrorCode()\n        error_codes = [item for item in dir(e) if not item.startswith(\"__\")]\n        for error_code in error_codes:\n            error_info = getattr(ErrorCode, error_code)\n            if isinstance(error_info, list) and status in error_info:\n                exception_class = getattr(ExceptionMapping, error_code, WebDriverException)\n                break\n        else:\n            exception_class = WebDriverException\n    \n        if not value:\n            value = response[\"value\"]\n        if isinstance(value, str):\n            raise exception_class(value)\n        if message == \"\" and \"message\" in value:\n            message = value[\"message\"]\n    \n        screen = None  # type: ignore[assignment]\n        if \"screen\" in value:\n            screen = value[\"screen\"]\n    \n        stacktrace = None\n        st_value = value.get(\"stackTrace\") or value.get(\"stacktrace\")\n        if st_value:\n            if isinstance(st_value, str):\n                stacktrace = st_value.split(\"\\n\")\n            else:\n                stacktrace = []\n                try:\n                    for frame in st_value:\n                        line = frame.get(\"lineNumber\", \"\")\n                        file = frame.get(\"fileName\", \"<anonymous>\")\n                        if line:\n                            file = f\"{file}:{line}\"\n                        meth = frame.get(\"methodName\", \"<anonymous>\")\n                        if \"className\" in frame:\n                            meth = f\"{frame['className']}.{meth}\"\n                        msg = \"    at %s (%s)\"\n                        msg = msg % (meth, file)\n                        stacktrace.append(msg)\n                except TypeError:\n                    pass\n        if exception_class == UnexpectedAlertPresentException:\n            alert_text = None\n            if \"data\" in value:\n                alert_text = value[\"data\"].get(\"text\")\n            elif \"alert\" in value:\n                alert_text = value[\"alert\"].get(\"text\")\n            raise exception_class(message, screen, stacktrace, alert_text)  # type: ignore[call-arg]  # mypy is not smart enough here\n>       raise exception_class(message, screen, stacktrace)\nE       selenium.common.exceptions.WebDriverException: Message: unknown error: Call WaitForPendingNavigations only on the parent WebView\nE         (Session info: chrome=144.0.7559.59)\nE       Stacktrace:\nE       Symbols not available. Dumping unresolved backtrace:\nE       \t0x7ff78de25715\nE       \t0x7ff78de25770\nE       \t0x7ff78dbd108d\nE       \t0x7ff78dbe1750\nE       \t0x7ff78dc79d0d\nE       \t0x7ff78dc1cc28\nE       \t0x7ff78dc1db33\nE       \t0x7ff78e10e9f0\nE       \t0x7ff78e108ded\nE       \t0x7ff78e12969a\nE       \t0x7ff78de411e5\nE       \t0x7ff78de499cc\nE       \t0x7ff78de2ebf4\nE       \t0x7ff78de2eda6\nE       \t0x7ff78de14e87\nE       \t0x7ff91b557374\nE       \t0x7ff91c7dcc91\n\n..\\..\\..\\AppData\\Local\\Programs\\Python\\Python313\\Lib\\site-packages\\selenium\\webdriver\\remote\\errorhandler.py:232: WebDriverException",
          "functional_specifications": [],
          "categories": []
        }
      ]
    }
  ],
  "test_environment": "Development",
  "timestamp": "21 Jan 2026, 14:40",
  "img_url": "https://icon.icepanel.io/Technology/svg/pytest.svg",
  "test_status": "complete",
  "report_title": "pytest HTML Report",
  "category_count": {},
  "all_categories": []
}